@!@!@STARTMSG 2262:0 @!@!@
TLC2 Version 2.20 of Day Month 20?? (rev: 5e1673e)
@!@!@ENDMSG 2262 @!@!@
@!@!@STARTMSG 2187:0 @!@!@
Running breadth-first search Model-Checking with fp 40 and seed 3206529918212546829 with 1 worker on 8 cores with 2590MB heap and 64MB offheap memory [pid: 10313] (Linux 6.8.0-52-generic amd64, Ubuntu 11.0.26 x86_64, MSBDiskFPSet, DiskStateQueue).
@!@!@ENDMSG 2187 @!@!@
@!@!@STARTMSG 2220:0 @!@!@
Starting SANY...
@!@!@ENDMSG 2220 @!@!@
Parsing file /home/ajr/Desktop/VF/Aula_02/RefinedClock.tla
Parsing file /tmp/tlc-635644261777848302/Naturals.tla (jar:file:/home/ajr/.vscode/extensions/tlaplus.vscode-ide-2025.2.121552/tools/tla2tools.jar!/tla2sany/StandardModules/Naturals.tla)
Parsing file /home/ajr/Desktop/VF/Aula_02/Clock.tla
Semantic processing of module Naturals
Semantic processing of module Clock
Semantic processing of module RefinedClock
@!@!@STARTMSG 2219:0 @!@!@
SANY finished.
@!@!@ENDMSG 2219 @!@!@
@!@!@STARTMSG 2185:0 @!@!@
Starting... (2025-02-19 19:24:43)
@!@!@ENDMSG 2185 @!@!@
@!@!@STARTMSG 2229:1 @!@!@
The property AbstractClock specified in the configuration file
is not defined in the specification.
@!@!@ENDMSG 2229 @!@!@
@!@!@STARTMSG 2186:0 @!@!@
Finished in 884ms at (2025-02-19 19:24:43)
@!@!@ENDMSG 2186 @!@!@
